<?xml version="1.0" encoding="UTF-8"?>
<!-- Generated by org.testng.reporters.JUnitReportReporter -->
<testsuite hostname="HemAnokar" failures="0" tests="1" name="Framework_SampleTest.testclass" time="1.112" errors="0" timestamp="2023-06-03T07:28:28 IST" skipped="0">
  <testcase classname="Framework_SampleTest.testclass" name="classforExcel" time="1.112"/>
  <system-out/>
</testsuite> <!-- Framework_SampleTest.testclass -->
