<?xml version="1.0" encoding="UTF-8"?>
<!-- Generated by org.testng.reporters.JUnitReportReporter -->
<testsuite hostname="HemAnokar" failures="0" tests="9" name="api.test.DataDrivenUserTests" time="17.221" errors="0" timestamp="2023-06-03T14:42:52 IST" skipped="0">
  <testcase classname="api.test.DataDrivenUserTests" name="testCreateUser" time="1.529"/>
  <system-out/>
  <testcase classname="api.test.DataDrivenUserTests" name="testCreateUser" time="3.551"/>
  <system-out/>
  <testcase classname="api.test.DataDrivenUserTests" name="testCreateUser" time="1.636"/>
  <system-out/>
  <testcase classname="api.test.DataDrivenUserTests" name="testGetuser" time="1.629"/>
  <system-out/>
  <testcase classname="api.test.DataDrivenUserTests" name="testGetuser" time="1.710"/>
  <system-out/>
  <testcase classname="api.test.DataDrivenUserTests" name="testGetuser" time="1.446"/>
  <system-out/>
  <testcase classname="api.test.DataDrivenUserTests" name="testDeleteUser" time="1.838"/>
  <system-out/>
  <testcase classname="api.test.DataDrivenUserTests" name="testDeleteUser" time="1.753"/>
  <system-out/>
  <testcase classname="api.test.DataDrivenUserTests" name="testDeleteUser" time="2.129"/>
  <system-out/>
</testsuite> <!-- api.test.DataDrivenUserTests -->
