<?xml version="1.0" encoding="UTF-8"?>
<!-- Generated by org.testng.reporters.JUnitReportReporter -->
<testsuite hostname="DESKTOP-FDAGO2O" failures="0" tests="4" name="api.test.UserTest" time="6.215" errors="0" timestamp="2023-06-01T16:36:04 IST" skipped="3">
  <testcase classname="api.test.UserTest" name="testPostUser" time="6.215"/>
  <system-out/>
  <testcase classname="api.test.UserTest" name="testGetUserByName">
    <skipped/>
  </testcase> <!-- testGetUserByName -->
  <system-out/>
  <testcase classname="api.test.UserTest" name="testDeleteUserByName">
    <skipped/>
  </testcase> <!-- testDeleteUserByName -->
  <system-out/>
  <testcase classname="api.test.UserTest" name="testUpdateUserByName">
    <skipped/>
  </testcase> <!-- testUpdateUserByName -->
  <system-out/>
</testsuite> <!-- api.test.UserTest -->
