<?xml version="1.0" encoding="UTF-8"?>
<!-- Generated by org.testng.reporters.JUnitReportReporter -->
<testsuite hostname="HemAnokar" failures="0" tests="4" name="api.test.UserTest" time="8.290" errors="0" timestamp="2023-06-03T15:07:01 IST" skipped="0">
  <testcase classname="api.test.UserTest" name="testPostUser" time="2.746"/>
  <system-out/>
  <testcase classname="api.test.UserTest" name="testGetUserByName" time="1.382"/>
  <system-out/>
  <testcase classname="api.test.UserTest" name="testUpdateUserByName" time="2.727"/>
  <system-out/>
  <testcase classname="api.test.UserTest" name="testDeleteUserByName" time="1.435"/>
  <system-out/>
</testsuite> <!-- api.test.UserTest -->
