<?xml version="1.0" encoding="UTF-8"?>
<!-- Generated by org.testng.reporters.JUnitReportReporter -->
<testsuite hostname="HemAnokar" failures="0" tests="9" name="api.test.DataDrivenUserTests" time="17.451" errors="0" timestamp="2023-06-03T07:37:09 IST" skipped="0">
  <testcase classname="api.test.DataDrivenUserTests" name="testCreateUser" time="1.490"/>
  <system-out/>
  <testcase classname="api.test.DataDrivenUserTests" name="testCreateUser" time="1.494"/>
  <system-out/>
  <testcase classname="api.test.DataDrivenUserTests" name="testCreateUser" time="3.124"/>
  <system-out/>
  <testcase classname="api.test.DataDrivenUserTests" name="testGetuser" time="1.553"/>
  <system-out/>
  <testcase classname="api.test.DataDrivenUserTests" name="testGetuser" time="1.527"/>
  <system-out/>
  <testcase classname="api.test.DataDrivenUserTests" name="testGetuser" time="1.544"/>
  <system-out/>
  <testcase classname="api.test.DataDrivenUserTests" name="testDeleteUser" time="1.650"/>
  <system-out/>
  <testcase classname="api.test.DataDrivenUserTests" name="testDeleteUser" time="3.578"/>
  <system-out/>
  <testcase classname="api.test.DataDrivenUserTests" name="testDeleteUser" time="1.491"/>
  <system-out/>
</testsuite> <!-- api.test.DataDrivenUserTests -->
